build/app/outputs/mapping/release/mapping.txt
# compiler: R8
# compiler_version: 1.5.64
# min_api: 16
# pg_map_id: 4764581
...
com.google.android.gms.common.zzi -> b.a.a.a.b.y:
    byte[] zzd() -> i
com.google.android.gms.common.zzj -> b.a.a.a.b.z:
    byte[] zzd() -> i
com.google.android.gms.dynamic.IObjectWrapper -> b.a.a.a.c.a:
com.google.android.gms.dynamic.IObjectWrapper$Stub -> b.a.a.a.c.a$a:
com.google.android.gms.dynamic.ObjectWrapper -> b.a.a.a.c.b:
    java.lang.Object zzib -> a
    java.lang.Object unwrap(com.google.android.gms.dynamic.IObjectWrapper) -> a
    com.google.android.gms.dynamic.IObjectWrapper wrap(java.lang.Object) -> a
com.google.android.gms.dynamite.DynamiteModule -> com.google.android.gms.dynamite.DynamiteModule:
    java.lang.ThreadLocal zzik -> d
    com.google.android.gms.dynamite.zzi zzig -> b
    java.lang.String zzii -> c
    java.lang.Boolean zzif -> a
    int getLocalVersion(android.content.Context,java.lang.String) -> a
    int zza(android.content.Context,java.lang.String,boolean) -> a
    void zza(java.lang.ClassLoader) -> a
    com.google.android.gms.dynamite.zzi zzj(android.content.Context) -> a
    int getRemoteVersion(android.content.Context,java.lang.String) -> b
    int zzb(android.content.Context,java.lang.String,boolean) -> b
    int zzc(android.content.Context,java.lang.String,boolean) -> c
com.google.android.gms.dynamite.DynamiteModule$LoadingException -> com.google.android.gms.dynamite.DynamiteModule$a:
com.google.android.gms.dynamite.DynamiteModule$VersionPolicy -> com.google.android.gms.dynamite.DynamiteModule$b:
com.google.android.gms.dynamite.DynamiteModule$VersionPolicy$zza -> com.google.android.gms.dynamite.DynamiteModule$b$a:
com.google.android.gms.dynamite.DynamiteModule$zza -> com.google.android.gms.dynamite.DynamiteModule$c:
    android.database.Cursor zzio -> a
com.google.android.gms.dynamite.zza -> com.google.android.gms.dynamite.a:
com.google.android.gms.dynamite.zzb -> com.google.android.gms.dynamite.b:
com.google.android.gms.dynamite.zzc -> com.google.android.gms.dynamite.c:
com.google.android.gms.dynamite.zzd -> com.google.android.gms.dynamite.d:
com.google.android.gms.dynamite.zze -> com.google.android.gms.dynamite.e:
com.google.android.gms.dynamite.zzf -> com.google.android.gms.dynamite.f:
com.google.android.gms.dynamite.zzg -> com.google.android.gms.dynamite.g:
com.google.android.gms.dynamite.zzh -> com.google.android.gms.dynamite.h:
com.google.android.gms.dynamite.zzi -> com.google.android.gms.dynamite.i:
    int zzb(com.google.android.gms.dynamic.IObjectWrapper,java.lang.String,boolean) -> a
    int zza(com.google.android.gms.dynamic.IObjectWrapper,java.lang.String,boolean) -> b
    int zzak() -> d
com.google.android.gms.dynamite.zzj -> com.google.android.gms.dynamite.j:
    int zzb(com.google.android.gms.dynamic.IObjectWrapper,java.lang.String,boolean) -> a
    int zza(com.google.android.gms.dynamic.IObjectWrapper,java.lang.String,boolean) -> b
    int zzak() -> d
com.google.android.gms.dynamite.zzk -> com.google.android.gms.dynamite.k:
com.google.android.gms.dynamite.zzl -> com.google.android.gms.dynamite.l:
com.google.android.gms.internal.auth-api.zzc -> b.a.a.a.d.a.a:
    android.os.IBinder zzc -> a
    java.lang.String zzd -> b
    void transactAndReadExceptionReturnVoid(int,android.os.Parcel) -> a
    android.os.Parcel obtainAndWriteInterfaceToken() -> h
com.google.android.gms.internal.auth-api.zzd -> b.a.a.a.d.a.b:
    boolean dispatchTransaction(int,android.os.Parcel,android.os.Parcel,int) -> a
com.google.android.gms.internal.auth-api.zze -> b.a.a.a.d.a.c:
    android.os.Parcelable zzc(android.os.Parcel,android.os.Parcelable$Creator) -> a
    void zzc(android.os.Parcel,android.os.IInterface) -> a
    void zzc(android.os.Parcel,android.os.Parcelable) -> a
com.google.android.gms.internal.auth-api.zzi -> b.a.a.a.d.a.d: